<?xml version="1.0" encoding="UTF-8"?>
<testng-results skipped="0" failed="0" ignored="0" total="1" passed="1">
  <reporter-output>
  </reporter-output>
  <suite name="Default suite" duration-ms="4373" started-at="2019-12-27T11:46:59Z" finished-at="2019-12-27T11:47:04Z">
    <groups>
    </groups>
    <test name="Default test" duration-ms="4373" started-at="2019-12-27T11:46:59Z" finished-at="2019-12-27T11:47:04Z">
      <class name="Invalid_login">
        <test-method status="PASS" signature="beforeTest()[pri:0, instance:Invalid_login@32d992b2]" name="beforeTest" is-config="true" duration-ms="3218" started-at="2019-12-27T17:16:59Z" finished-at="2019-12-27T17:17:03Z">
          <reporter-output>
          </reporter-output>
        </test-method> <!-- beforeTest -->
        <test-method status="PASS" signature="beforeMethod()[pri:0, instance:Invalid_login@32d992b2]" name="beforeMethod" is-config="true" duration-ms="368" started-at="2019-12-27T17:17:03Z" finished-at="2019-12-27T17:17:03Z">
          <reporter-output>
          </reporter-output>
        </test-method> <!-- beforeMethod -->
        <test-method status="PASS" signature="InvalidPassword()[pri:0, instance:Invalid_login@32d992b2]" name="InvalidPassword" duration-ms="769" started-at="2019-12-27T17:17:03Z" finished-at="2019-12-27T17:17:04Z">
          <reporter-output>
          </reporter-output>
        </test-method> <!-- InvalidPassword -->
        <test-method status="PASS" signature="afterMethod()[pri:0, instance:Invalid_login@32d992b2]" name="afterMethod" is-config="true" duration-ms="0" started-at="2019-12-27T17:17:04Z" finished-at="2019-12-27T17:17:04Z">
          <reporter-output>
          </reporter-output>
        </test-method> <!-- afterMethod -->
        <test-method status="PASS" signature="afterTest()[pri:0, instance:Invalid_login@32d992b2]" name="afterTest" is-config="true" duration-ms="0" started-at="2019-12-27T17:17:04Z" finished-at="2019-12-27T17:17:04Z">
          <reporter-output>
          </reporter-output>
        </test-method> <!-- afterTest -->
      </class> <!-- Invalid_login -->
    </test> <!-- Default test -->
  </suite> <!-- Default suite -->
</testng-results>
